<?xml version="1.0" encoding="UTF-8"?>
<beans xmlns="http://www.springframework.org/schema/beans"
	xmlns:xsi="http://www.w3.org/2001/XMLSchema-instance" xmlns:context="http://www.springframework.org/schema/context"
	xmlns:jdbc="http://www.springframework.org/schema/jdbc"
	xsi:schemaLocation="http://www.springframework.org/schema/beans http://www.springframework.org/schema/beans/spring-beans-3.1.xsd
		http://www.springframework.org/schema/context http://www.springframework.org/schema/context/spring-context-3.1.xsd
		http://www.springframework.org/schema/jdbc http://www.springframework.org/schema/jdbc/spring-jdbc-3.1.xsd">

	<context:component-scan base-package="com.ctb.prism.test" />
	<context:component-scan base-package="com.ctb.prism.core" />
	<context:component-scan base-package="com.ctb.prism.login" />
	<context:component-scan base-package="com.ctb.prism.admin" />
	<context:component-scan base-package="com.ctb.prism.report" />
	<context:component-scan base-package="com.ctb.prism.parent" />
	<context:component-scan base-package="com.ctb.prism.inors" />
	<context:component-scan base-package="com.ctb.prism.web" />

	<context:property-placeholder location="classpath*:aws.properties" />
	<context:property-placeholder location="classpath*:jasperreports.properties" />
	
	<!-- initialize HMAC -->
    <bean id="hmacEncoder" class="com.ctb.prism.login.security.encoder.DigitalMeasuresHMACQueryStringBuilder">
    	<constructor-arg index="0" value="BTCguSF49hYaPmAfe9Q29LtsQ2X"/>
    	<constructor-arg index="1" type="int" value="30"/>
    	<constructor-arg index="2" value="HmacSHA1"/>
    	<property name="timeZone" value="GMT" />
    	<property name="URL_ENCODING" value="UTF-8" />
    </bean>
    <!-- End : initialize HMAC -->

	<import resource="tx-service.xml" />
	<import resource="jms-config.xml" />
	<import resource="simpledb-config.xml" />
	<import resource="applicationContext-theme.xml" />
</beans>
